2015/09/25 15:59:25 [warning] [application] Не удалось присвоить небезопасный атрибут "username" класса "LoginForm".
in /var/www/madali.am/protected/controllers/SiteController.php (92)
in /var/www/madali.am/index.php (13)
2015/09/25 15:59:25 [error] [exception.CException] exception 'CException' with message 'Не определено свойство "LoginForm.Հեռախոսահամար".' in /var/www/madali.am/framework/base/CComponent.php:130
Stack trace:
#0 /var/www/madali.am/framework/validators/CRequiredValidator.php(51): CComponent->__get('???????????????...')
#1 /var/www/madali.am/framework/validators/CValidator.php(213): CRequiredValidator->validateAttribute(Object(LoginForm), '???????????????...')
#2 /var/www/madali.am/framework/base/CModel.php(159): CValidator->validate(Object(LoginForm), NULL)
#3 /var/www/madali.am/protected/controllers/SiteController.php(94): CModel->validate()
#4 /var/www/madali.am/framework/web/actions/CInlineAction.php(49): SiteController->actionLogin()
#5 /var/www/madali.am/framework/web/CController.php(308): CInlineAction->runWithParams(Array)
#6 /var/www/madali.am/framework/web/CController.php(286): CController->runAction(Object(CInlineAction))
#7 /var/www/madali.am/framework/web/CController.php(265): CController->runActionWithFilters(Object(CInlineAction), Array)
#8 /var/www/madali.am/framework/web/CWebApplication.php(282): CController->run('login')
#9 /var/www/madali.am/framework/web/CWebApplication.php(141): CWebApplication->runController('site/login')
#10 /var/www/madali.am/framework/base/CApplication.php(169): CWebApplication->processRequest()
#11 /var/www/madali.am/index.php(13): CApplication->run()
#12 {main}
REQUEST_URI=/madali.am/index.php?r=site/login
HTTP_REFERER=http://localhost/madali.am/index.php?r=site/login
---
2015/09/25 16:11:07 [warning] [application] Не удалось присвоить небезопасный атрибут "username" класса "LoginForm".
in /var/www/madali.am/protected/controllers/SiteController.php (92)
in /var/www/madali.am/index.php (13)
2015/09/25 16:11:07 [error] [exception.CException] exception 'CException' with message 'Не определено свойство "LoginForm.user".' in /var/www/madali.am/framework/base/CComponent.php:130
Stack trace:
#0 /var/www/madali.am/framework/validators/CRequiredValidator.php(51): CComponent->__get('user')
#1 /var/www/madali.am/framework/validators/CValidator.php(213): CRequiredValidator->validateAttribute(Object(LoginForm), 'user')
#2 /var/www/madali.am/framework/base/CModel.php(159): CValidator->validate(Object(LoginForm), NULL)
#3 /var/www/madali.am/protected/controllers/SiteController.php(94): CModel->validate()
#4 /var/www/madali.am/framework/web/actions/CInlineAction.php(49): SiteController->actionLogin()
#5 /var/www/madali.am/framework/web/CController.php(308): CInlineAction->runWithParams(Array)
#6 /var/www/madali.am/framework/web/CController.php(286): CController->runAction(Object(CInlineAction))
#7 /var/www/madali.am/framework/web/CController.php(265): CController->runActionWithFilters(Object(CInlineAction), Array)
#8 /var/www/madali.am/framework/web/CWebApplication.php(282): CController->run('login')
#9 /var/www/madali.am/framework/web/CWebApplication.php(141): CWebApplication->runController('site/login')
#10 /var/www/madali.am/framework/base/CApplication.php(169): CWebApplication->processRequest()
#11 /var/www/madali.am/index.php(13): CApplication->run()
#12 {main}
REQUEST_URI=/madali.am/index.php?r=site/login
HTTP_REFERER=http://localhost/madali.am/index.php?r=site/login
---
2015/09/26 10:43:58 [error] [exception.CHttpException.404] exception 'CHttpException' with message 'Системе не удалось найти запрашиваемое действие "users".' in /var/www/madali/framework/web/CController.php:483
Stack trace:
#0 /var/www/madali/framework/web/CController.php(270): CController->missingAction('users')
#1 /var/www/madali/framework/web/CWebApplication.php(282): CController->run('users')
#2 /var/www/madali/framework/web/CWebApplication.php(141): CWebApplication->runController('site/users')
#3 /var/www/madali/framework/base/CApplication.php(169): CWebApplication->processRequest()
#4 /var/www/madali/index.php(13): CApplication->run()
#5 {main}
REQUEST_URI=/madali/index.php?r=site/users
HTTP_REFERER=http://localhost/madali/index.php?r=site/index
---
2015/09/26 10:44:22 [error] [exception.CHttpException.404] exception 'CHttpException' with message 'Невозможно обработать запрос "../users".' in /var/www/madali/framework/web/CWebApplication.php:286
Stack trace:
#0 /var/www/madali/framework/web/CWebApplication.php(141): CWebApplication->runController('../users')
#1 /var/www/madali/framework/base/CApplication.php(169): CWebApplication->processRequest()
#2 /var/www/madali/index.php(13): CApplication->run()
#3 {main}
REQUEST_URI=/madali/index.php?r=../users
HTTP_REFERER=http://localhost/madali/index.php?r=site/index
---
2015/09/26 10:45:16 [error] [exception.CHttpException.404] exception 'CHttpException' with message 'Невозможно обработать запрос "views/users".' in /var/www/madali/framework/web/CWebApplication.php:286
Stack trace:
#0 /var/www/madali/framework/web/CWebApplication.php(141): CWebApplication->runController('views/users')
#1 /var/www/madali/framework/base/CApplication.php(169): CWebApplication->processRequest()
#2 /var/www/madali/index.php(13): CApplication->run()
#3 {main}
REQUEST_URI=/madali/index.php?r=views/users
HTTP_REFERER=http://localhost/madali/index.php?r=site/index
---
2015/09/26 10:47:55 [error] [exception.CHttpException.404] exception 'CHttpException' with message 'Системе не удалось найти запрашиваемое действие "users".' in /var/www/madali/framework/web/CController.php:483
Stack trace:
#0 /var/www/madali/framework/web/CController.php(270): CController->missingAction('users')
#1 /var/www/madali/framework/web/CWebApplication.php(282): CController->run('users')
#2 /var/www/madali/framework/web/CWebApplication.php(141): CWebApplication->runController('site/users')
#3 /var/www/madali/framework/base/CApplication.php(169): CWebApplication->processRequest()
#4 /var/www/madali/index.php(13): CApplication->run()
#5 {main}
REQUEST_URI=/madali/index.php?r=site/users
HTTP_REFERER=http://localhost/madali/index.php?r=site/index
---
